<?xml version="1.0" encoding="UTF-8"?>
<!-- Generated by org.testng.reporters.JUnitReportReporter -->
<testsuite hostname="DESKTOP-N65ID76" failures="0" tests="1" name="TestCases.NewTest" time="0.014" errors="0" timestamp="2024-05-29T11:43:28 IST" skipped="0">
  <testcase classname="TestCases.NewTest" name="f" time="0.014"/>
</testsuite> <!-- TestCases.NewTest -->
