<?xml version="1.0" encoding="UTF-8"?>
<!-- Generated by org.testng.reporters.JUnitReportReporter -->
<testsuite hostname="DESKTOP-N65ID76" failures="0" tests="2" name="com.saag.HybridTestCases.HybridEbayProdSearchTest" time="11.637" errors="0" timestamp="2024-05-31T12:21:41 IST" skipped="0">
  <testcase classname="com.saag.HybridTestCases.HybridEbayProdSearchTest" name="prodSearch" time="6.117">
    <system-out>
      <![CDATA['English' Product Search Test is Successful...]]>
    </system-out>
  </testcase> <!-- prodSearch -->
  <testcase classname="com.saag.HybridTestCases.HybridEbayProdSearchTest" name="prodSearch" time="5.520">
    <system-out>
      <![CDATA['Handmade' Product Search Test is Successful...]]>
    </system-out>
  </testcase> <!-- prodSearch -->
  <system-out>
    <![CDATA['English' Product Search Test is Successful...
'Handmade' Product Search Test is Successful...]]>
  </system-out>
</testsuite> <!-- com.saag.HybridTestCases.HybridEbayProdSearchTest -->
