<?xml version="1.0" encoding="UTF-8"?>
<!-- Generated by org.testng.reporters.JUnitReportReporter -->
<testsuite hostname="DESKTOP-N65ID76" failures="0" tests="2" name="com.saag.DDFTestCases.NewTest" time="8.554" errors="0" timestamp="2024-06-14T11:29:18 IST" skipped="0">
  <testcase classname="com.saag.DDFTestCases.NewTest" name="catSearch" time="3.964">
    <system-out>
      <![CDATA['Selenium WebDriver' Product Search in 'Books' Category Test is Successful...]]>
    </system-out>
  </testcase> <!-- catSearch -->
  <testcase classname="com.saag.DDFTestCases.NewTest" name="catSearch" time="4.590">
    <system-out>
      <![CDATA['Handmade' Product Search in 'Crafts' Category Test is Successful...]]>
    </system-out>
  </testcase> <!-- catSearch -->
  <system-out>
    <![CDATA['Selenium WebDriver' Product Search in 'Books' Category Test is Successful...
'Handmade' Product Search in 'Crafts' Category Test is Successful...]]>
  </system-out>
</testsuite> <!-- com.saag.DDFTestCases.NewTest -->
