<?xml version="1.0" encoding="UTF-8"?>
<!-- Generated by org.testng.reporters.JUnitReportReporter -->
<testsuite hostname="DESKTOP-N65ID76" failures="0" tests="1" name="com.saag.KWDFTestCases.MyTest" time="65.569" errors="0" timestamp="2024-06-01T12:16:17 IST" skipped="0">
  <testcase classname="com.saag.KWDFTestCases.MyTest" name="SampleTest" time="65.569"/>
</testsuite> <!-- com.saag.KWDFTestCases.MyTest -->
