<?xml version="1.0" encoding="UTF-8"?>
<!-- Generated by org.testng.reporters.JUnitReportReporter -->
<testsuite hostname="DESKTOP-N65ID76" failures="0" tests="2" name="com.saag.DDFTestCases.DDFEbayProdSearchTest" time="10.124" errors="0" timestamp="2024-05-31T11:31:09 IST" skipped="0">
  <testcase classname="com.saag.DDFTestCases.DDFEbayProdSearchTest" name="prodSearch" time="5.807">
    <system-out>
      <![CDATA['English' Product Search Test is Successful...]]>
    </system-out>
  </testcase> <!-- prodSearch -->
  <testcase classname="com.saag.DDFTestCases.DDFEbayProdSearchTest" name="prodSearch" time="4.317">
    <system-out>
      <![CDATA['Handmade' Product Search Test is Successful...]]>
    </system-out>
  </testcase> <!-- prodSearch -->
  <system-out>
    <![CDATA['English' Product Search Test is Successful...
'Handmade' Product Search Test is Successful...]]>
  </system-out>
</testsuite> <!-- com.saag.DDFTestCases.DDFEbayProdSearchTest -->
