<?xml version="1.0" encoding="UTF-8"?>
<!-- Generated by org.testng.reporters.JUnitReportReporter -->
<testsuite hostname="DESKTOP-N65ID76" failures="0" tests="1" name="com.saag.POMTestCases.POMEbayProdCatSearchTest" time="3.652" errors="0" timestamp="2024-05-30T12:23:18 IST" skipped="0">
  <testcase classname="com.saag.POMTestCases.POMEbayProdCatSearchTest" name="catSearch" time="3.652">
    <system-out>
      <![CDATA[Ebay Product search in a category test is successful...]]>
    </system-out>
  </testcase> <!-- catSearch -->
  <system-out>
    <![CDATA[Ebay Product search in a category test is successful...]]>
  </system-out>
</testsuite> <!-- com.saag.POMTestCases.POMEbayProdCatSearchTest -->
