<?xml version="1.0" encoding="UTF-8"?>
<!-- Generated by org.testng.reporters.JUnitReportReporter -->
<testsuite hostname="DESKTOP-N65ID76" failures="0" tests="2" name="com.saag.DDFTestCases.DDFEbayProdCatSearchTest" time="7.226" errors="0" timestamp="2024-05-31T11:40:46 IST" skipped="0">
  <testcase classname="com.saag.DDFTestCases.DDFEbayProdCatSearchTest" name="catSearch" time="3.708">
    <system-out>
      <![CDATA['Handmade' Product Search in 'Crafts' Category Test is Successful...]]>
    </system-out>
  </testcase> <!-- catSearch -->
  <testcase classname="com.saag.DDFTestCases.DDFEbayProdCatSearchTest" name="catSearch" time="3.518">
    <system-out>
      <![CDATA['English' Product Search in 'Music' Category Test is Successful...]]>
    </system-out>
  </testcase> <!-- catSearch -->
  <system-out>
    <![CDATA['English' Product Search in 'Music' Category Test is Successful...
'Handmade' Product Search in 'Crafts' Category Test is Successful...]]>
  </system-out>
</testsuite> <!-- com.saag.DDFTestCases.DDFEbayProdCatSearchTest -->
